# JRE version: OpenJDK Runtime Environment Microsoft-40648 (11.0.16.1+1) (build 11.0.16.1+1-LTS)
# Java VM: OpenJDK 64-Bit Server VM Microsoft-40648 (11.0.16.1+1-LTS, mixed mode, tiered, compressed oops, g1 gc, windows-amd64)
Heap:
 garbage-first heap   total 262144K, used 189906K [0x0000000080000000, 0x0000000100000000)
  region size 1024K, 149 young (152576K), 14 survivors (14336K)
 Metaspace       used 79827K, capacity 82020K, committed 82132K, reserved 587776K
  class space    used 10276K, capacity 11179K, committed 11264K, reserved 516096K
GC Heap History (18 events):
Event: 1.961 GC heap before
{Heap before GC invocations=0 (full 0):
 garbage-first heap   total 262144K, used 29696K [0x0000000080000000, 0x0000000100000000)
  region size 1024K, 24 young (24576K), 0 survivors (0K)
 Metaspace       used 10064K, capacity 10328K, committed 10624K, reserved 526336K
  class space    used 1018K, capacity 1105K, committed 1152K, reserved 516096K
}
Event: 1.972 GC heap after
{Heap after GC invocations=1 (full 0):
 garbage-first heap   total 262144K, used 9568K [0x0000000080000000, 0x0000000100000000)
  region size 1024K, 3 young (3072K), 3 survivors (3072K)
 Metaspace       used 10064K, capacity 10328K, committed 10624K, reserved 526336K
  class space    used 1018K, capacity 1105K, committed 1152K, reserved 516096K
}
Event: 6.118 GC heap before
{Heap before GC invocations=1 (full 0):
 garbage-first heap   total 262144K, used 96608K [0x0000000080000000, 0x0000000100000000)
  region size 1024K, 87 young (89088K), 3 survivors (3072K)
 Metaspace       used 20035K, capacity 20499K, committed 20736K, reserved 534528K
  class space    used 2376K, capacity 2521K, committed 2560K, reserved 516096K
}
Event: 6.127 GC heap after
{Heap after GC invocations=2 (full 0):
 garbage-first heap   total 262144K, used 16865K [0x0000000080000000, 0x0000000100000000)
  region size 1024K, 11 young (11264K), 11 survivors (11264K)
 Metaspace       used 20035K, capacity 20499K, committed 20736K, reserved 534528K
  class space    used 2376K, capacity 2521K, committed 2560K, reserved 516096K
}
Event: 6.271 GC heap before
{Heap before GC invocations=2 (full 0):
 garbage-first heap   total 262144K, used 25057K [0x0000000080000000, 0x0000000100000000)
  region size 1024K, 20 young (20480K), 11 survivors (11264K)
 Metaspace       used 20631K, capacity 21131K, committed 21296K, reserved 536576K
  class space    used 2471K, capacity 2628K, committed 2688K, reserved 516096K
}
Event: 6.285 GC heap after
{Heap after GC invocations=3 (full 0):
 garbage-first heap   total 262144K, used 17739K [0x0000000080000000, 0x0000000100000000)
  region size 1024K, 1 young (1024K), 1 survivors (1024K)
 Metaspace       used 20631K, capacity 21131K, committed 21296K, reserved 536576K
  class space    used 2471K, capacity 2628K, committed 2688K, reserved 516096K
}
Event: 8.650 GC heap before
{Heap before GC invocations=4 (full 0):
 garbage-first heap   total 262144K, used 117067K [0x0000000080000000, 0x0000000100000000)
  region size 1024K, 98 young (100352K), 1 survivors (1024K)
 Metaspace       used 30125K, capacity 30890K, committed 31152K, reserved 544768K
  class space    used 3977K, capacity 4253K, committed 4352K, reserved 516096K
}
Event: 8.655 GC heap after
{Heap after GC invocations=5 (full 0):
 garbage-first heap   total 262144K, used 20301K [0x0000000080000000, 0x0000000100000000)
  region size 1024K, 4 young (4096K), 4 survivors (4096K)
 Metaspace       used 30125K, capacity 30890K, committed 31152K, reserved 544768K
  class space    used 3977K, capacity 4253K, committed 4352K, reserved 516096K
}
Event: 9.460 GC heap before
{Heap before GC invocations=5 (full 0):
 garbage-first heap   total 262144K, used 40781K [0x0000000080000000, 0x0000000100000000)
  region size 1024K, 25 young (25600K), 4 survivors (4096K)
 Metaspace       used 35058K, capacity 35791K, committed 35920K, reserved 548864K
  class space    used 4484K, capacity 4824K, committed 4864K, reserved 516096K
}
Event: 9.478 GC heap after
{Heap after GC invocations=6 (full 0):
 garbage-first heap   total 262144K, used 22494K [0x0000000080000000, 0x0000000100000000)
  region size 1024K, 6 young (6144K), 6 survivors (6144K)
 Metaspace       used 35058K, capacity 35791K, committed 35920K, reserved 548864K
  class space    used 4484K, capacity 4824K, committed 4864K, reserved 516096K
}
Event: 21.624 GC heap before
{Heap before GC invocations=7 (full 0):
 garbage-first heap   total 262144K, used 152542K [0x0000000080000000, 0x0000000100000000)
  region size 1024K, 130 young (133120K), 6 survivors (6144K)
 Metaspace       used 44683K, capacity 45942K, committed 46288K, reserved 557056K
  class space    used 5651K, capacity 6146K, committed 6272K, reserved 516096K
}
Event: 21.638 GC heap after
{Heap after GC invocations=8 (full 0):
 garbage-first heap   total 262144K, used 30734K [0x0000000080000000, 0x0000000100000000)
  region size 1024K, 14 young (14336K), 14 survivors (14336K)
 Metaspace       used 44683K, capacity 45942K, committed 46288K, reserved 557056K
  class space    used 5651K, capacity 6146K, committed 6272K, reserved 516096K
}
Event: 24.358 GC heap before
{Heap before GC invocations=8 (full 0):
 garbage-first heap   total 262144K, used 167950K [0x0000000080000000, 0x0000000100000000)
  region size 1024K, 145 young (148480K), 14 survivors (14336K)
 Metaspace       used 55281K, capacity 56857K, committed 57168K, reserved 567296K
  class space    used 7177K, capacity 7825K, committed 7936K, reserved 516096K
}
Event: 24.378 GC heap after
{Heap after GC invocations=9 (full 0):
 garbage-first heap   total 262144K, used 41223K [0x0000000080000000, 0x0000000100000000)
  region size 1024K, 15 young (15360K), 15 survivors (15360K)
 Metaspace       used 55281K, capacity 56857K, committed 57168K, reserved 567296K
  class space    used 7177K, capacity 7825K, committed 7936K, reserved 516096K
}
Event: 25.471 GC heap before
{Heap before GC invocations=9 (full 0):
 garbage-first heap   total 262144K, used 80135K [0x0000000080000000, 0x0000000100000000)
  region size 1024K, 54 young (55296K), 15 survivors (15360K)
 Metaspace       used 58526K, capacity 60187K, committed 60296K, reserved 569344K
  class space    used 7631K, capacity 8315K, committed 8320K, reserved 516096K
}
Event: 25.501 GC heap after
{Heap after GC invocations=10 (full 0):
 garbage-first heap   total 262144K, used 43076K [0x0000000080000000, 0x0000000100000000)
  region size 1024K, 9 young (9216K), 9 survivors (9216K)
 Metaspace       used 58526K, capacity 60187K, committed 60296K, reserved 569344K
  class space    used 7631K, capacity 8315K, committed 8320K, reserved 516096K
}
Event: 28.158 GC heap before
{Heap before GC invocations=11 (full 0):
 garbage-first heap   total 262144K, used 178244K [0x0000000080000000, 0x0000000100000000)
  region size 1024K, 141 young (144384K), 9 survivors (9216K)
 Metaspace       used 66834K, capacity 68890K, committed 68948K, reserved 577536K
  class space    used 8744K, capacity 9569K, committed 9600K, reserved 516096K
}
Event: 28.179 GC heap after
{Heap after GC invocations=12 (full 0):
 garbage-first heap   total 262144K, used 48594K [0x0000000080000000, 0x0000000100000000)
  region size 1024K, 14 young (14336K), 14 survivors (14336K)
 Metaspace       used 66834K, capacity 68890K, committed 68948K, reserved 577536K
  class space    used 8744K, capacity 9569K, committed 9600K, reserved 516096K
}

