# JRE version: OpenJDK Runtime Environment Microsoft-40648 (11.0.16.1+1) (build 11.0.16.1+1-LTS)
# Java VM: OpenJDK 64-Bit Server VM Microsoft-40648 (11.0.16.1+1-LTS, mixed mode, tiered, compressed oops, g1 gc, windows-amd64)
Heap:
 garbage-first heap   total 262144K, used 158252K [0x0000000080000000, 0x0000000100000000)
  region size 1024K, 95 young (97280K), 10 survivors (10240K)
 Metaspace       used 91441K, capacity 93855K, committed 93908K, reserved 598016K
  class space    used 11968K, capacity 12965K, committed 13004K, reserved 516096K
GC Heap History (20 events):
Event: 5.147 GC heap before
{Heap before GC invocations=1 (full 0):
 garbage-first heap   total 262144K, used 103398K [0x0000000080000000, 0x0000000100000000)
  region size 1024K, 96 young (98304K), 3 survivors (3072K)
 Metaspace       used 20609K, capacity 21127K, committed 21296K, reserved 536576K
  class space    used 2469K, capacity 2628K, committed 2688K, reserved 516096K
}
Event: 5.159 GC heap after
{Heap after GC invocations=2 (full 0):
 garbage-first heap   total 262144K, used 17131K [0x0000000080000000, 0x0000000100000000)
  region size 1024K, 11 young (11264K), 11 survivors (11264K)
 Metaspace       used 20609K, capacity 21127K, committed 21296K, reserved 536576K
  class space    used 2469K, capacity 2628K, committed 2688K, reserved 516096K
}
Event: 5.617 GC heap before
{Heap before GC invocations=3 (full 0):
 garbage-first heap   total 262144K, used 29419K [0x0000000080000000, 0x0000000100000000)
  region size 1024K, 23 young (23552K), 11 survivors (11264K)
 Metaspace       used 22081K, capacity 22586K, committed 22832K, reserved 536576K
  class space    used 2718K, capacity 2904K, committed 2944K, reserved 516096K
}
Event: 5.622 GC heap after
{Heap after GC invocations=4 (full 0):
 garbage-first heap   total 262144K, used 17512K [0x0000000080000000, 0x0000000100000000)
  region size 1024K, 1 young (1024K), 1 survivors (1024K)
 Metaspace       used 22081K, capacity 22586K, committed 22832K, reserved 536576K
  class space    used 2718K, capacity 2904K, committed 2944K, reserved 516096K
}
Event: 7.766 GC heap before
{Heap before GC invocations=4 (full 0):
 garbage-first heap   total 262144K, used 92264K [0x0000000080000000, 0x0000000100000000)
  region size 1024K, 74 young (75776K), 1 survivors (1024K)
 Metaspace       used 29191K, capacity 29900K, committed 30128K, reserved 542720K
  class space    used 3819K, capacity 4075K, committed 4096K, reserved 516096K
}
Event: 7.770 GC heap after
{Heap after GC invocations=5 (full 0):
 garbage-first heap   total 262144K, used 19684K [0x0000000080000000, 0x0000000100000000)
  region size 1024K, 3 young (3072K), 3 survivors (3072K)
 Metaspace       used 29191K, capacity 29900K, committed 30128K, reserved 542720K
  class space    used 3819K, capacity 4075K, committed 4096K, reserved 516096K
}
Event: 8.986 GC heap before
{Heap before GC invocations=5 (full 0):
 garbage-first heap   total 262144K, used 49380K [0x0000000080000000, 0x0000000100000000)
  region size 1024K, 33 young (33792K), 3 survivors (3072K)
 Metaspace       used 35053K, capacity 35787K, committed 35920K, reserved 548864K
  class space    used 4483K, capacity 4824K, committed 4864K, reserved 516096K
}
Event: 9.004 GC heap after
{Heap after GC invocations=6 (full 0):
 garbage-first heap   total 262144K, used 21990K [0x0000000080000000, 0x0000000100000000)
  region size 1024K, 6 young (6144K), 6 survivors (6144K)
 Metaspace       used 35053K, capacity 35787K, committed 35920K, reserved 548864K
  class space    used 4483K, capacity 4824K, committed 4864K, reserved 516096K
}
Event: 18.662 GC heap before
{Heap before GC invocations=7 (full 0):
 garbage-first heap   total 262144K, used 122342K [0x0000000080000000, 0x0000000100000000)
  region size 1024K, 102 young (104448K), 6 survivors (6144K)
 Metaspace       used 42171K, capacity 43331K, committed 43600K, reserved 555008K
  class space    used 5340K, capacity 5789K, committed 5888K, reserved 516096K
}
Event: 18.681 GC heap after
{Heap after GC invocations=8 (full 0):
 garbage-first heap   total 262144K, used 29371K [0x0000000080000000, 0x0000000100000000)
  region size 1024K, 13 young (13312K), 13 survivors (13312K)
 Metaspace       used 42171K, capacity 43331K, committed 43600K, reserved 555008K
  class space    used 5340K, capacity 5789K, committed 5888K, reserved 516096K
}
Event: 20.702 GC heap before
{Heap before GC invocations=8 (full 0):
 garbage-first heap   total 262144K, used 147131K [0x0000000080000000, 0x0000000100000000)
  region size 1024K, 127 young (130048K), 13 survivors (13312K)
 Metaspace       used 50583K, capacity 51966K, committed 52304K, reserved 563200K
  class space    used 6501K, capacity 7064K, committed 7168K, reserved 516096K
}
Event: 20.716 GC heap after
{Heap after GC invocations=9 (full 0):
 garbage-first heap   total 262144K, used 33847K [0x0000000080000000, 0x0000000100000000)
  region size 1024K, 11 young (11264K), 11 survivors (11264K)
 Metaspace       used 50583K, capacity 51966K, committed 52304K, reserved 563200K
  class space    used 6501K, capacity 7064K, committed 7168K, reserved 516096K
}
Event: 22.868 GC heap before
{Heap before GC invocations=9 (full 0):
 garbage-first heap   total 262144K, used 118839K [0x0000000080000000, 0x0000000100000000)
  region size 1024K, 92 young (94208K), 11 survivors (11264K)
 Metaspace       used 58559K, capacity 60195K, committed 60296K, reserved 569344K
  class space    used 7630K, capacity 8319K, committed 8320K, reserved 516096K
}
Event: 22.890 GC heap after
{Heap after GC invocations=10 (full 0):
 garbage-first heap   total 262144K, used 42959K [0x0000000080000000, 0x0000000100000000)
  region size 1024K, 10 young (10240K), 10 survivors (10240K)
 Metaspace       used 58559K, capacity 60195K, committed 60296K, reserved 569344K
  class space    used 7630K, capacity 8319K, committed 8320K, reserved 516096K
}
Event: 25.421 GC heap before
{Heap before GC invocations=11 (full 0):
 garbage-first heap   total 262144K, used 164815K [0x0000000080000000, 0x0000000100000000)
  region size 1024K, 129 young (132096K), 10 survivors (10240K)
 Metaspace       used 66001K, capacity 67913K, committed 68180K, reserved 575488K
  class space    used 8623K, capacity 9423K, committed 9548K, reserved 516096K
}
Event: 25.436 GC heap after
{Heap after GC invocations=12 (full 0):
 garbage-first heap   total 262144K, used 48829K [0x0000000080000000, 0x0000000100000000)
  region size 1024K, 12 young (12288K), 12 survivors (12288K)
 Metaspace       used 66001K, capacity 67913K, committed 68180K, reserved 575488K
  class space    used 8623K, capacity 9423K, committed 9548K, reserved 516096K
}
Event: 28.866 GC heap before
{Heap before GC invocations=12 (full 0):
 garbage-first heap   total 262144K, used 177853K [0x0000000080000000, 0x0000000100000000)
  region size 1024K, 134 young (137216K), 12 survivors (12288K)
 Metaspace       used 75571K, capacity 77741K, committed 77908K, reserved 583680K
  class space    used 9827K, capacity 10757K, committed 10828K, reserved 516096K
}
Event: 28.883 GC heap after
{Heap after GC invocations=13 (full 0):
 garbage-first heap   total 262144K, used 63327K [0x0000000080000000, 0x0000000100000000)
  region size 1024K, 17 young (17408K), 17 survivors (17408K)
 Metaspace       used 75571K, capacity 77741K, committed 77908K, reserved 583680K
  class space    used 9827K, capacity 10757K, committed 10828K, reserved 516096K
}
Event: 31.705 GC heap before
{Heap before GC invocations=13 (full 0):
 garbage-first heap   total 262144K, used 191327K [0x0000000080000000, 0x0000000100000000)
  region size 1024K, 135 young (138240K), 17 survivors (17408K)
 Metaspace       used 84641K, capacity 87034K, committed 87252K, reserved 591872K
  class space    used 10912K, capacity 11899K, committed 11980K, reserved 516096K
}
Event: 31.721 GC heap after
{Heap after GC invocations=14 (full 0):
 garbage-first heap   total 262144K, used 72236K [0x0000000080000000, 0x0000000100000000)
  region size 1024K, 10 young (10240K), 10 survivors (10240K)
 Metaspace       used 84641K, capacity 87034K, committed 87252K, reserved 591872K
  class space    used 10912K, capacity 11899K, committed 11980K, reserved 516096K
}

