# JRE version: OpenJDK Runtime Environment Microsoft-40648 (11.0.16.1+1) (build 11.0.16.1+1-LTS)
# Java VM: OpenJDK 64-Bit Server VM Microsoft-40648 (11.0.16.1+1-LTS, mixed mode, tiered, compressed oops, g1 gc, windows-amd64)
Heap:
 garbage-first heap   total 262144K, used 89605K [0x0000000080000000, 0x0000000100000000)
  region size 1024K, 71 young (72704K), 6 survivors (6144K)
 Metaspace       used 40398K, capacity 41424K, committed 41680K, reserved 552960K
  class space    used 5072K, capacity 5466K, committed 5504K, reserved 516096K
GC Heap History (8 events):
Event: 1.217 GC heap before
{Heap before GC invocations=0 (full 0):
 garbage-first heap   total 262144K, used 29696K [0x0000000080000000, 0x0000000100000000)
  region size 1024K, 24 young (24576K), 0 survivors (0K)
 Metaspace       used 10068K, capacity 10320K, committed 10368K, reserved 526336K
  class space    used 1020K, capacity 1105K, committed 1152K, reserved 516096K
}
Event: 1.222 GC heap after
{Heap after GC invocations=1 (full 0):
 garbage-first heap   total 262144K, used 9375K [0x0000000080000000, 0x0000000100000000)
  region size 1024K, 3 young (3072K), 3 survivors (3072K)
 Metaspace       used 10068K, capacity 10320K, committed 10368K, reserved 526336K
  class space    used 1020K, capacity 1105K, committed 1152K, reserved 516096K
}
Event: 3.657 GC heap before
{Heap before GC invocations=1 (full 0):
 garbage-first heap   total 262144K, used 104607K [0x0000000080000000, 0x0000000100000000)
  region size 1024K, 96 young (98304K), 3 survivors (3072K)
 Metaspace       used 20705K, capacity 21187K, committed 21296K, reserved 536576K
  class space    used 2480K, capacity 2628K, committed 2688K, reserved 516096K
}
Event: 3.668 GC heap after
{Heap after GC invocations=2 (full 0):
 garbage-first heap   total 262144K, used 17100K [0x0000000080000000, 0x0000000100000000)
  region size 1024K, 11 young (11264K), 11 survivors (11264K)
 Metaspace       used 20705K, capacity 21187K, committed 21296K, reserved 536576K
  class space    used 2480K, capacity 2628K, committed 2688K, reserved 516096K
}
Event: 4.672 GC heap before
{Heap before GC invocations=3 (full 0):
 garbage-first heap   total 262144K, used 81612K [0x0000000080000000, 0x0000000100000000)
  region size 1024K, 75 young (76800K), 11 survivors (11264K)
 Metaspace       used 27283K, capacity 27939K, committed 28080K, reserved 540672K
  class space    used 3522K, capacity 3739K, committed 3840K, reserved 516096K
}
Event: 4.681 GC heap after
{Heap after GC invocations=4 (full 0):
 garbage-first heap   total 262144K, used 19349K [0x0000000080000000, 0x0000000100000000)
  region size 1024K, 3 young (3072K), 3 survivors (3072K)
 Metaspace       used 27283K, capacity 27939K, committed 28080K, reserved 540672K
  class space    used 3522K, capacity 3739K, committed 3840K, reserved 516096K
}
Event: 5.665 GC heap before
{Heap before GC invocations=4 (full 0):
 garbage-first heap   total 262144K, used 72597K [0x0000000080000000, 0x0000000100000000)
  region size 1024K, 56 young (57344K), 3 survivors (3072K)
 Metaspace       used 35100K, capacity 35847K, committed 35920K, reserved 548864K
  class space    used 4495K, capacity 4824K, committed 4864K, reserved 516096K
}
Event: 5.678 GC heap after
{Heap after GC invocations=5 (full 0):
 garbage-first heap   total 262144K, used 22021K [0x0000000080000000, 0x0000000100000000)
  region size 1024K, 6 young (6144K), 6 survivors (6144K)
 Metaspace       used 35100K, capacity 35847K, committed 35920K, reserved 548864K
  class space    used 4495K, capacity 4824K, committed 4864K, reserved 516096K
}

